  Source.cpp
F:\C++\Проэкт\Ex6\Ex6\Header.h(36,17): error C3861: 'cin': identifier not found
F:\C++\Проэкт\Ex6\Ex6\Header.h(159,2): message : see reference to class template instantiation 'Matrix<T>' being compiled
F:\C++\Проэкт\Ex6\Ex6\Header.h(36,17): error C2065: 'cin': undeclared identifier
F:\C++\Проэкт\Ex6\Ex6\Header.h(58,17): error C3861: 'cout': identifier not found
F:\C++\Проэкт\Ex6\Ex6\Header.h(60,13): error C2065: 'cout': undeclared identifier
F:\C++\Проэкт\Ex6\Ex6\Header.h(60,13): error C3861: 'cout': identifier not found
F:\C++\Проэкт\Ex6\Ex6\Header.h(60,21): error C3861: 'endl': identifier not found
F:\C++\Проэкт\Ex6\Ex6\Header.h(58,17): error C2065: 'cout': undeclared identifier
F:\C++\Проэкт\Ex6\Ex6\Header.h(60,21): error C2065: 'endl': undeclared identifier
F:\C++\Проэкт\Ex6\Ex6\Header.h(68,13): error C2065: 'cout': undeclared identifier
F:\C++\Проэкт\Ex6\Ex6\Header.h(68,13): error C3861: 'cout': identifier not found
F:\C++\Проэкт\Ex6\Ex6\Header.h(68,71): error C3861: 'endl': identifier not found
F:\C++\Проэкт\Ex6\Ex6\Header.h(68,71): error C2065: 'endl': undeclared identifier
F:\C++\Проэкт\Ex6\Ex6\Header.h(86,13): error C2065: 'cout': undeclared identifier
F:\C++\Проэкт\Ex6\Ex6\Header.h(86,13): error C3861: 'cout': identifier not found
F:\C++\Проэкт\Ex6\Ex6\Header.h(86,76): error C3861: 'endl': identifier not found
F:\C++\Проэкт\Ex6\Ex6\Header.h(86,76): error C2065: 'endl': undeclared identifier
F:\C++\Проэкт\Ex6\Ex6\Header.h(104,13): error C2065: 'cout': undeclared identifier
F:\C++\Проэкт\Ex6\Ex6\Header.h(104,13): error C3861: 'cout': identifier not found
F:\C++\Проэкт\Ex6\Ex6\Header.h(104,72): error C3861: 'endl': identifier not found
F:\C++\Проэкт\Ex6\Ex6\Header.h(108,35): error C2065: 'j': undeclared identifier
F:\C++\Проэкт\Ex6\Ex6\Header.h(108,35): error C3861: 'j': identifier not found
F:\C++\Проэкт\Ex6\Ex6\Header.h(104,72): error C2065: 'endl': undeclared identifier
F:\C++\Проэкт\Ex6\Ex6\Header.h(121,13): error C2065: 'cout': undeclared identifier
F:\C++\Проэкт\Ex6\Ex6\Header.h(121,13): error C3861: 'cout': identifier not found
F:\C++\Проэкт\Ex6\Ex6\Header.h(121,66): error C3861: 'endl': identifier not found
F:\C++\Проэкт\Ex6\Ex6\Header.h(121,66): error C2065: 'endl': undeclared identifier
F:\C++\Проэкт\Ex6\Ex6\Source.cpp(9,15): warning C4244: 'argument': conversion from 'time_t' to 'unsigned int', possible loss of data
